<?xml version="1.0" encoding="UTF-8"?>
<!-- Generated by org.testng.reporters.JUnitXMLReporter -->
<testsuite hostname="X-Saviour" ignored="0" name="Default test" tests="3" failures="0" timestamp="28 abr 2017 01:03:03 GMT" time="80.643" errors="0">
  <testcase name="registerFormTest" time="6.617" classname="com.globant.practica1.Caso1.NewTest"/>
  <testcase name="registerFormTestNoName" time="5.202" classname="com.globant.practica1.Caso1.NewTest"/>
  <testcase name="registerFormTestNoTerms" time="20.246" classname="com.globant.practica1.Caso1.NewTest"/>
</testsuite> <!-- Default test -->
