<?xml version="1.0" encoding="UTF-8"?>
<testng-results skipped="0" failed="0" ignored="0" total="3" passed="3">
  <reporter-output>
  </reporter-output>
  <suite name="Default suite" duration-ms="80643" started-at="2017-04-28T01:01:42Z" finished-at="2017-04-28T01:03:03Z">
    <groups>
    </groups>
    <test name="Default test" duration-ms="80643" started-at="2017-04-28T01:01:42Z" finished-at="2017-04-28T01:03:03Z">
      <class name="com.globant.practica1.Caso1.NewTest">
        <test-method status="PASS" signature="beforeMethod()[pri:0, instance:com.globant.practica1.Caso1.NewTest@5442a311]" name="beforeMethod" is-config="true" duration-ms="14787" started-at="2017-04-27T20:01:42Z" finished-at="2017-04-27T20:01:57Z">
          <reporter-output>
          </reporter-output>
        </test-method> <!-- beforeMethod -->
        <test-method status="PASS" signature="registerFormTest()[pri:0, instance:com.globant.practica1.Caso1.NewTest@5442a311]" name="registerFormTest" duration-ms="6617" started-at="2017-04-27T20:01:57Z" finished-at="2017-04-27T20:02:03Z">
          <reporter-output>
          </reporter-output>
        </test-method> <!-- registerFormTest -->
        <test-method status="PASS" signature="afterMethod()[pri:0, instance:com.globant.practica1.Caso1.NewTest@5442a311]" name="afterMethod" is-config="true" duration-ms="5168" started-at="2017-04-27T20:02:03Z" finished-at="2017-04-27T20:02:09Z">
          <reporter-output>
          </reporter-output>
        </test-method> <!-- afterMethod -->
        <test-method status="PASS" signature="beforeMethod()[pri:0, instance:com.globant.practica1.Caso1.NewTest@5442a311]" name="beforeMethod" is-config="true" duration-ms="13026" started-at="2017-04-27T20:02:09Z" finished-at="2017-04-27T20:02:22Z">
          <reporter-output>
          </reporter-output>
        </test-method> <!-- beforeMethod -->
        <test-method status="PASS" signature="registerFormTestNoName()[pri:0, instance:com.globant.practica1.Caso1.NewTest@5442a311]" name="registerFormTestNoName" duration-ms="5202" started-at="2017-04-27T20:02:22Z" finished-at="2017-04-27T20:02:27Z">
          <reporter-output>
          </reporter-output>
        </test-method> <!-- registerFormTestNoName -->
        <test-method status="PASS" signature="afterMethod()[pri:0, instance:com.globant.practica1.Caso1.NewTest@5442a311]" name="afterMethod" is-config="true" duration-ms="2433" started-at="2017-04-27T20:02:27Z" finished-at="2017-04-27T20:02:29Z">
          <reporter-output>
          </reporter-output>
        </test-method> <!-- afterMethod -->
        <test-method status="PASS" signature="beforeMethod()[pri:0, instance:com.globant.practica1.Caso1.NewTest@5442a311]" name="beforeMethod" is-config="true" duration-ms="12541" started-at="2017-04-27T20:02:29Z" finished-at="2017-04-27T20:02:42Z">
          <reporter-output>
          </reporter-output>
        </test-method> <!-- beforeMethod -->
        <test-method status="PASS" signature="registerFormTestNoTerms()[pri:0, instance:com.globant.practica1.Caso1.NewTest@5442a311]" name="registerFormTestNoTerms" duration-ms="20246" started-at="2017-04-27T20:02:42Z" finished-at="2017-04-27T20:03:02Z">
          <reporter-output>
          </reporter-output>
        </test-method> <!-- registerFormTestNoTerms -->
        <test-method status="PASS" signature="afterMethod()[pri:0, instance:com.globant.practica1.Caso1.NewTest@5442a311]" name="afterMethod" is-config="true" duration-ms="536" started-at="2017-04-27T20:03:02Z" finished-at="2017-04-27T20:03:03Z">
          <reporter-output>
          </reporter-output>
        </test-method> <!-- afterMethod -->
      </class> <!-- com.globant.practica1.Caso1.NewTest -->
    </test> <!-- Default test -->
  </suite> <!-- Default suite -->
</testng-results>
