<?xml version="1.0" encoding="UTF-8"?>
<testng-results skipped="0" failed="0" total="1" passed="1">
  <reporter-output>
  </reporter-output>
  <suite name="Command line suite" duration-ms="26" started-at="2017-05-06T00:45:41Z" finished-at="2017-05-06T00:45:41Z">
    <groups>
    </groups>
    <test name="Command line test" duration-ms="26" started-at="2017-05-06T00:45:41Z" finished-at="2017-05-06T00:45:41Z">
      <class name="com.globant.bootcampAutomation2.AppTest">
        <test-method status="PASS" signature="testApp()[pri:0, instance:testApp(com.globant.bootcampAutomation2.AppTest)]" name="testApp" duration-ms="2" started-at="2017-05-05T19:45:41Z" finished-at="2017-05-05T19:45:41Z">
          <reporter-output>
          </reporter-output>
        </test-method> <!-- testApp -->
      </class> <!-- com.globant.bootcampAutomation2.AppTest -->
    </test> <!-- Command line test -->
  </suite> <!-- Command line suite -->
</testng-results>
