<?xml version="1.0" encoding="UTF-8"?>
<!-- Generated by org.testng.reporters.JUnitXMLReporter -->
<testsuite hostname="Nerder_Notebook" ignored="1" name="TestDestiny" tests="1" failures="0" timestamp="08 may 2017 13:57:44 GMT" time="10.952" errors="0">
  <testcase name="destiny" time="0.452" classname="globant.NeiderBarbosa.Ana.test.FlightReservationTest"/>
  <testcase name="origin" time="0.0" classname="globant.NeiderBarbosa.Ana.test.FlightReservationTest">
    <ignored/>
  </testcase> <!-- origin -->
</testsuite> <!-- TestDestiny -->
