<?xml version="1.0" encoding="UTF-8"?>
<!-- Generated by org.testng.reporters.JUnitXMLReporter -->
<testsuite hostname="localhost.localdomain" ignored="0" name="TestB" tests="1" failures="1" timestamp="08 May 2017 00:40:13 GMT" time="80.819" errors="0">
  <testcase name="fillBooking" time="67.135" classname="com.globant.test.AmericanAirlinesTest">
    <failure type="org.openqa.selenium.TimeoutException" message="Expected condition failed: waiting for invisibility of [[FirefoxDriver: firefox on LINUX (7f3d5389-b913-4ddf-8fd4-825cfb623f38)] -&amp;gt; class name: aa-busy-img] (tried for 60 second(s) with 500 MILLISECONDS interval)
Build info: version: &amp;apos;3.4.0&amp;apos;, revision: &amp;apos;unknown&amp;apos;, time: &amp;apos;unknown&amp;apos;
System info: host: &amp;apos;localhost.localdomain&amp;apos;, ip: &amp;apos;127.0.0.1&amp;apos;, os.name: &amp;apos;Linux&amp;apos;, os.arch: &amp;apos;amd64&amp;apos;, os.version: &amp;apos;4.9.9-100.fc24.x86_64&amp;apos;, java.version: &amp;apos;1.8.0_121&amp;apos;
Driver info: org.openqa.selenium.firefox.FirefoxDriver
Capabilities [{rotatable=false, raisesAccessibilityExceptions=false, appBuildId=20170126153126, version=51.0.1, platform=LINUX, proxy=Proxy(), command_id=1.0, specificationLevel=0.0, acceptSslCerts=false, processId=4108.0, browserVersion=51.0.1, platformVersion=4.9.9-100.fc24.x86_64, XULappId={ec8030f7-c20a-464f-9b0e-13a3a9e97384}, browserName=firefox, takesScreenshot=true, takesElementScreenshot=true, javascriptEnabled=true, platformName=linux}]
Session ID: 7f3d5389-b913-4ddf-8fd4-825cfb623f38">
      <![CDATA[org.openqa.selenium.TimeoutException: Expected condition failed: waiting for invisibility of [[FirefoxDriver: firefox on LINUX (7f3d5389-b913-4ddf-8fd4-825cfb623f38)] -> class name: aa-busy-img] (tried for 60 second(s) with 500 MILLISECONDS interval)
Build info: version: '3.4.0', revision: 'unknown', time: 'unknown'
System info: host: 'localhost.localdomain', ip: '127.0.0.1', os.name: 'Linux', os.arch: 'amd64', os.version: '4.9.9-100.fc24.x86_64', java.version: '1.8.0_121'
Driver info: org.openqa.selenium.firefox.FirefoxDriver
Capabilities [{rotatable=false, raisesAccessibilityExceptions=false, appBuildId=20170126153126, version=51.0.1, platform=LINUX, proxy=Proxy(), command_id=1.0, specificationLevel=0.0, acceptSslCerts=false, processId=4108.0, browserVersion=51.0.1, platformVersion=4.9.9-100.fc24.x86_64, XULappId={ec8030f7-c20a-464f-9b0e-13a3a9e97384}, browserName=firefox, takesScreenshot=true, takesElementScreenshot=true, javascriptEnabled=true, platformName=linux}]
Session ID: 7f3d5389-b913-4ddf-8fd4-825cfb623f38
	at org.openqa.selenium.support.ui.WebDriverWait.timeoutException(WebDriverWait.java:80)
	at org.openqa.selenium.support.ui.FluentWait.until(FluentWait.java:232)
	at com.globant.pages.BasePage.waitElement(BasePage.java:101)
	at com.globant.pages.InitialPage.fillBooking(InitialPage.java:88)
	at com.globant.test.AmericanAirlinesTest.fillBooking(AmericanAirlinesTest.java:51)
... Removed 25 stack frames]]>
    </failure>
  </testcase> <!-- fillBooking -->
</testsuite> <!-- TestB -->
