<?xml version="1.0" encoding="UTF-8"?>
<testng-results skipped="0" failed="0" total="0" passed="0">
  <reporter-output>
  </reporter-output>
  <suite name="Command line suite" duration-ms="10856" started-at="2017-05-06T00:45:30Z" finished-at="2017-05-06T00:45:41Z">
    <groups>
    </groups>
    <test name="Command line test" duration-ms="10856" started-at="2017-05-06T00:45:30Z" finished-at="2017-05-06T00:45:41Z">
      <class name="com.globant.bootcampAutomation2.tests.Test">
        <test-method status="PASS" signature="setup()[pri:0, instance:com.globant.bootcampAutomation2.tests.Test@6615435c]" name="setup" is-config="true" duration-ms="10851" started-at="2017-05-05T19:45:30Z" finished-at="2017-05-05T19:45:41Z">
          <reporter-output>
          </reporter-output>
        </test-method> <!-- setup -->
      </class> <!-- com.globant.bootcampAutomation2.tests.Test -->
    </test> <!-- Command line test -->
  </suite> <!-- Command line suite -->
</testng-results>
