<?xml version="1.0" encoding="UTF-8"?>
<testng-results skipped="0" failed="2" ignored="0" total="2" passed="0">
  <reporter-output>
  </reporter-output>
  <suite name="Suite" duration-ms="20753" started-at="2017-05-09T00:04:12Z" finished-at="2017-05-09T00:04:33Z">
    <groups>
    </groups>
    <test name="true" duration-ms="16086" started-at="2017-05-09T00:04:12Z" finished-at="2017-05-09T00:04:28Z">
      <class name="globant.NeiderBarbosa.Ana.test.FlightReservationTest">
        <test-method status="PASS" signature="setup()[pri:0, instance:globant.NeiderBarbosa.Ana.test.FlightReservationTest@548e7350]" name="setup" is-config="true" duration-ms="15268" started-at="2017-05-08T19:04:12Z" finished-at="2017-05-08T19:04:27Z">
          <reporter-output>
          </reporter-output>
        </test-method> <!-- setup -->
        <test-method status="FAIL" signature="bookingTest(java.lang.String, java.lang.String, java.lang.String, java.lang.String, java.lang.String, java.lang.String, java.lang.String, java.lang.String, java.lang.String, java.lang.String, java.lang.String, java.lang.String, java.lang.String, java.lang.String, java.lang.String, java.lang.String)[pri:0, instance:globant.NeiderBarbosa.Ana.test.FlightReservationTest@548e7350]" name="bookingTest" duration-ms="788" started-at="2017-05-08T19:04:27Z" finished-at="2017-05-08T19:04:28Z">
          <params>
            <param index="0">
              <value>
                <![CDATA[tok]]>
              </value>
            </param>
            <param index="1">
              <value>
                <![CDATA[was]]>
              </value>
            </param>
            <param index="2">
              <value>
                <![CDATA[09-05-2017]]>
              </value>
            </param>
            <param index="3">
              <value>
                <![CDATA[09-10-2017]]>
              </value>
            </param>
            <param index="4">
              <value>
                <![CDATA[4]]>
              </value>
            </param>
            <param index="5">
              <value>
                <![CDATA[2]]>
              </value>
            </param>
            <param index="6">
              <value>
                <![CDATA[2]]>
              </value>
            </param>
            <param index="7">
              <value>
                <![CDATA[1]]>
              </value>
            </param>
            <param index="8">
              <value>
                <![CDATA[1]]>
              </value>
            </param>
            <param index="9">
              <value>
                <![CDATA[1]]>
              </value>
            </param>
            <param index="10">
              <value>
                <![CDATA[1]]>
              </value>
            </param>
            <param index="11">
              <value>
                <![CDATA[1]]>
              </value>
            </param>
            <param index="12">
              <value>
                <![CDATA[1]]>
              </value>
            </param>
            <param index="13">
              <value>
                <![CDATA[1]]>
              </value>
            </param>
            <param index="14">
              <value>
                <![CDATA[1]]>
              </value>
            </param>
            <param index="15">
              <value>
                <![CDATA[1]]>
              </value>
            </param>
          </params>
          <exception class="org.openqa.selenium.ElementNotVisibleException">
            <message>
              <![CDATA[element not visible: Element is not currently visible and may not be manipulated
  (Session info: chrome=58.0.3029.96)
  (Driver info: chromedriver=2.29.461591 (62ebf098771772160f391d75e589dc567915b233),platform=Windows NT 10.0.14393 x86_64) (WARNING: The server did not provide any stacktrace information)
Command duration or timeout: 50 milliseconds
Build info: version: '3.4.0', revision: 'unknown', time: 'unknown'
System info: host: 'NERDER_NOTEBOOK', ip: '10.130.210.176', os.name: 'Windows 10', os.arch: 'amd64', os.version: '10.0', java.version: '1.8.0_131'
Driver info: org.openqa.selenium.chrome.ChromeDriver
Capabilities [{applicationCacheEnabled=false, rotatable=false, mobileEmulationEnabled=false, networkConnectionEnabled=false, chrome={chromedriverVersion=2.29.461591 (62ebf098771772160f391d75e589dc567915b233), userDataDir=C:\Users\NEIDER~1\AppData\Local\Temp\scoped_dir388_5383}, takesHeapSnapshot=true, pageLoadStrategy=normal, databaseEnabled=false, handlesAlerts=true, hasTouchScreen=false, version=58.0.3029.96, platform=XP, browserConnectionEnabled=false, nativeEvents=true, acceptSslCerts=true, locationContextEnabled=true, webStorageEnabled=true, browserName=chrome, takesScreenshot=true, javascriptEnabled=true, cssSelectorsEnabled=true, unexpectedAlertBehaviour=}]
Session ID: eccc62739963fecd6a75d557f6d73fd7]]>
            </message>
            <full-stacktrace>
              <![CDATA[org.openqa.selenium.ElementNotVisibleException: element not visible: Element is not currently visible and may not be manipulated
  (Session info: chrome=58.0.3029.96)
  (Driver info: chromedriver=2.29.461591 (62ebf098771772160f391d75e589dc567915b233),platform=Windows NT 10.0.14393 x86_64) (WARNING: The server did not provide any stacktrace information)
Command duration or timeout: 50 milliseconds
Build info: version: '3.4.0', revision: 'unknown', time: 'unknown'
System info: host: 'NERDER_NOTEBOOK', ip: '10.130.210.176', os.name: 'Windows 10', os.arch: 'amd64', os.version: '10.0', java.version: '1.8.0_131'
Driver info: org.openqa.selenium.chrome.ChromeDriver
Capabilities [{applicationCacheEnabled=false, rotatable=false, mobileEmulationEnabled=false, networkConnectionEnabled=false, chrome={chromedriverVersion=2.29.461591 (62ebf098771772160f391d75e589dc567915b233), userDataDir=C:\Users\NEIDER~1\AppData\Local\Temp\scoped_dir388_5383}, takesHeapSnapshot=true, pageLoadStrategy=normal, databaseEnabled=false, handlesAlerts=true, hasTouchScreen=false, version=58.0.3029.96, platform=XP, browserConnectionEnabled=false, nativeEvents=true, acceptSslCerts=true, locationContextEnabled=true, webStorageEnabled=true, browserName=chrome, takesScreenshot=true, javascriptEnabled=true, cssSelectorsEnabled=true, unexpectedAlertBehaviour=}]
Session ID: eccc62739963fecd6a75d557f6d73fd7
	at sun.reflect.NativeConstructorAccessorImpl.newInstance0(Native Method)
	at sun.reflect.NativeConstructorAccessorImpl.newInstance(Unknown Source)
	at sun.reflect.DelegatingConstructorAccessorImpl.newInstance(Unknown Source)
	at java.lang.reflect.Constructor.newInstance(Unknown Source)
	at org.openqa.selenium.remote.ErrorHandler.createThrowable(ErrorHandler.java:215)
	at org.openqa.selenium.remote.ErrorHandler.throwIfResponseFailed(ErrorHandler.java:167)
	at org.openqa.selenium.remote.RemoteWebDriver.execute(RemoteWebDriver.java:671)
	at org.openqa.selenium.remote.RemoteWebElement.execute(RemoteWebElement.java:272)
	at org.openqa.selenium.remote.RemoteWebElement.click(RemoteWebElement.java:82)
	at org.openqa.selenium.support.ui.Select.setSelected(Select.java:324)
	at org.openqa.selenium.support.ui.Select.selectByValue(Select.java:201)
	at globant.NeiderBarbosa.Ana.Page.FlightReservationPage.opcion(FlightReservationPage.java:69)
	at globant.NeiderBarbosa.Ana.Page.FlightReservationPage.person(FlightReservationPage.java:180)
	at globant.NeiderBarbosa.Ana.test.FlightReservationTest.bookingTest(FlightReservationTest.java:49)
	at sun.reflect.NativeMethodAccessorImpl.invoke0(Native Method)
	at sun.reflect.NativeMethodAccessorImpl.invoke(Unknown Source)
	at sun.reflect.DelegatingMethodAccessorImpl.invoke(Unknown Source)
	at java.lang.reflect.Method.invoke(Unknown Source)
	at org.testng.internal.MethodInvocationHelper.invokeMethod(MethodInvocationHelper.java:108)
	at org.testng.internal.Invoker.invokeMethod(Invoker.java:661)
	at org.testng.internal.Invoker.invokeTestMethod(Invoker.java:869)
	at org.testng.internal.Invoker.invokeTestMethods(Invoker.java:1193)
	at org.testng.internal.TestMethodWorker.invokeTestMethods(TestMethodWorker.java:126)
	at org.testng.internal.TestMethodWorker.run(TestMethodWorker.java:109)
	at org.testng.TestRunner.privateRun(TestRunner.java:744)
	at org.testng.TestRunner.run(TestRunner.java:602)
	at org.testng.SuiteRunner.runTest(SuiteRunner.java:380)
	at org.testng.SuiteRunner.runSequentially(SuiteRunner.java:375)
	at org.testng.SuiteRunner.privateRun(SuiteRunner.java:340)
	at org.testng.SuiteRunner.run(SuiteRunner.java:289)
	at org.testng.SuiteRunnerWorker.runSuite(SuiteRunnerWorker.java:52)
	at org.testng.SuiteRunnerWorker.run(SuiteRunnerWorker.java:86)
	at org.testng.TestNG.runSuitesSequentially(TestNG.java:1301)
	at org.testng.TestNG.runSuitesLocally(TestNG.java:1226)
	at org.testng.TestNG.runSuites(TestNG.java:1144)
	at org.testng.TestNG.run(TestNG.java:1115)
	at org.testng.remote.AbstractRemoteTestNG.run(AbstractRemoteTestNG.java:132)
	at org.testng.remote.RemoteTestNG.initAndRun(RemoteTestNG.java:230)
	at org.testng.remote.RemoteTestNG.main(RemoteTestNG.java:76)
]]>
            </full-stacktrace>
          </exception> <!-- org.openqa.selenium.ElementNotVisibleException -->
          <reporter-output>
          </reporter-output>
        </test-method> <!-- bookingTest -->
      </class> <!-- globant.NeiderBarbosa.Ana.test.FlightReservationTest -->
    </test> <!-- true -->
    <test name="false" duration-ms="4598" started-at="2017-05-09T00:04:28Z" finished-at="2017-05-09T00:04:33Z">
      <class name="globant.NeiderBarbosa.Ana.test.FlightReservationTest">
        <test-method status="PASS" signature="setup()[pri:0, instance:globant.NeiderBarbosa.Ana.test.FlightReservationTest@1ce92674]" name="setup" is-config="true" duration-ms="4574" started-at="2017-05-08T19:04:28Z" finished-at="2017-05-08T19:04:33Z">
          <reporter-output>
          </reporter-output>
        </test-method> <!-- setup -->
        <test-method status="FAIL" signature="bookingTest(java.lang.String, java.lang.String, java.lang.String, java.lang.String, java.lang.String, java.lang.String, java.lang.String, java.lang.String, java.lang.String, java.lang.String, java.lang.String, java.lang.String, java.lang.String, java.lang.String, java.lang.String, java.lang.String)[pri:0, instance:globant.NeiderBarbosa.Ana.test.FlightReservationTest@1ce92674]" name="bookingTest" duration-ms="17" started-at="2017-05-08T19:04:33Z" finished-at="2017-05-08T19:04:33Z">
          <params>
            <param index="0">
              <value>
                <![CDATA[tok]]>
              </value>
            </param>
            <param index="1">
              <value>
                <![CDATA[was]]>
              </value>
            </param>
            <param index="2">
              <value>
                <![CDATA[09-04-2017]]>
              </value>
            </param>
            <param index="3">
              <value>
                <![CDATA[09-10-2017]]>
              </value>
            </param>
            <param index="4">
              <value>
                <![CDATA[10]]>
              </value>
            </param>
            <param index="5">
              <value>
                <![CDATA[2]]>
              </value>
            </param>
            <param index="6">
              <value>
                <![CDATA[2]]>
              </value>
            </param>
            <param index="7">
              <value>
                <![CDATA[1]]>
              </value>
            </param>
            <param index="8">
              <value>
                <![CDATA[1]]>
              </value>
            </param>
            <param index="9">
              <value>
                <![CDATA[1]]>
              </value>
            </param>
            <param index="10">
              <value>
                <![CDATA[1]]>
              </value>
            </param>
            <param index="11">
              <value>
                <![CDATA[2]]>
              </value>
            </param>
            <param index="12">
              <value>
                <![CDATA[2]]>
              </value>
            </param>
            <param index="13">
              <value>
                <![CDATA[1]]>
              </value>
            </param>
            <param index="14">
              <value>
                <![CDATA[1]]>
              </value>
            </param>
            <param index="15">
              <value>
                <![CDATA[1]]>
              </value>
            </param>
          </params>
          <exception class="org.openqa.selenium.NoSuchWindowException">
            <message>
              <![CDATA[no such window: target window already closed
from unknown error: web view not found
  (Session info: chrome=58.0.3029.96)
  (Driver info: chromedriver=2.29.461591 (62ebf098771772160f391d75e589dc567915b233),platform=Windows NT 10.0.14393 x86_64) (WARNING: The server did not provide any stacktrace information)
Command duration or timeout: 13 milliseconds
Build info: version: '3.4.0', revision: 'unknown', time: 'unknown'
System info: host: 'NERDER_NOTEBOOK', ip: '10.130.210.176', os.name: 'Windows 10', os.arch: 'amd64', os.version: '10.0', java.version: '1.8.0_131'
Driver info: org.openqa.selenium.chrome.ChromeDriver
Capabilities [{applicationCacheEnabled=false, rotatable=false, mobileEmulationEnabled=false, networkConnectionEnabled=false, chrome={chromedriverVersion=2.29.461591 (62ebf098771772160f391d75e589dc567915b233), userDataDir=C:\Users\NEIDER~1\AppData\Local\Temp\scoped_dir5988_24004}, takesHeapSnapshot=true, pageLoadStrategy=normal, databaseEnabled=false, handlesAlerts=true, hasTouchScreen=false, version=58.0.3029.96, platform=XP, browserConnectionEnabled=false, nativeEvents=true, acceptSslCerts=true, locationContextEnabled=true, webStorageEnabled=true, browserName=chrome, takesScreenshot=true, javascriptEnabled=true, cssSelectorsEnabled=true, unexpectedAlertBehaviour=}]
Session ID: 1360417ca19acdb3ee66f39ce0f3fbb2
*** Element info: {Using=id, value=ArrApoText}]]>
            </message>
            <full-stacktrace>
              <![CDATA[org.openqa.selenium.NoSuchWindowException: no such window: target window already closed
from unknown error: web view not found
  (Session info: chrome=58.0.3029.96)
  (Driver info: chromedriver=2.29.461591 (62ebf098771772160f391d75e589dc567915b233),platform=Windows NT 10.0.14393 x86_64) (WARNING: The server did not provide any stacktrace information)
Command duration or timeout: 13 milliseconds
Build info: version: '3.4.0', revision: 'unknown', time: 'unknown'
System info: host: 'NERDER_NOTEBOOK', ip: '10.130.210.176', os.name: 'Windows 10', os.arch: 'amd64', os.version: '10.0', java.version: '1.8.0_131'
Driver info: org.openqa.selenium.chrome.ChromeDriver
Capabilities [{applicationCacheEnabled=false, rotatable=false, mobileEmulationEnabled=false, networkConnectionEnabled=false, chrome={chromedriverVersion=2.29.461591 (62ebf098771772160f391d75e589dc567915b233), userDataDir=C:\Users\NEIDER~1\AppData\Local\Temp\scoped_dir5988_24004}, takesHeapSnapshot=true, pageLoadStrategy=normal, databaseEnabled=false, handlesAlerts=true, hasTouchScreen=false, version=58.0.3029.96, platform=XP, browserConnectionEnabled=false, nativeEvents=true, acceptSslCerts=true, locationContextEnabled=true, webStorageEnabled=true, browserName=chrome, takesScreenshot=true, javascriptEnabled=true, cssSelectorsEnabled=true, unexpectedAlertBehaviour=}]
Session ID: 1360417ca19acdb3ee66f39ce0f3fbb2
*** Element info: {Using=id, value=ArrApoText}
	at sun.reflect.NativeConstructorAccessorImpl.newInstance0(Native Method)
	at sun.reflect.NativeConstructorAccessorImpl.newInstance(Unknown Source)
	at sun.reflect.DelegatingConstructorAccessorImpl.newInstance(Unknown Source)
	at java.lang.reflect.Constructor.newInstance(Unknown Source)
	at org.openqa.selenium.remote.ErrorHandler.createThrowable(ErrorHandler.java:215)
	at org.openqa.selenium.remote.ErrorHandler.throwIfResponseFailed(ErrorHandler.java:167)
	at org.openqa.selenium.remote.RemoteWebDriver.execute(RemoteWebDriver.java:671)
	at org.openqa.selenium.remote.RemoteWebDriver.findElement(RemoteWebDriver.java:410)
	at org.openqa.selenium.remote.RemoteWebDriver.findElementById(RemoteWebDriver.java:453)
	at org.openqa.selenium.By$ById.findElement(By.java:218)
	at org.openqa.selenium.remote.RemoteWebDriver.findElement(RemoteWebDriver.java:402)
	at org.openqa.selenium.support.pagefactory.DefaultElementLocator.findElement(DefaultElementLocator.java:69)
	at org.openqa.selenium.support.pagefactory.internal.LocatingElementHandler.invoke(LocatingElementHandler.java:38)
	at com.sun.proxy.$Proxy7.sendKeys(Unknown Source)
	at globant.NeiderBarbosa.Ana.Page.BasePage.sendText(BasePage.java:38)
	at globant.NeiderBarbosa.Ana.Page.FlightReservationPage.selectDestiny(FlightReservationPage.java:236)
	at globant.NeiderBarbosa.Ana.test.FlightReservationTest.bookingTest(FlightReservationTest.java:48)
	at sun.reflect.NativeMethodAccessorImpl.invoke0(Native Method)
	at sun.reflect.NativeMethodAccessorImpl.invoke(Unknown Source)
	at sun.reflect.DelegatingMethodAccessorImpl.invoke(Unknown Source)
	at java.lang.reflect.Method.invoke(Unknown Source)
	at org.testng.internal.MethodInvocationHelper.invokeMethod(MethodInvocationHelper.java:108)
	at org.testng.internal.Invoker.invokeMethod(Invoker.java:661)
	at org.testng.internal.Invoker.invokeTestMethod(Invoker.java:869)
	at org.testng.internal.Invoker.invokeTestMethods(Invoker.java:1193)
	at org.testng.internal.TestMethodWorker.invokeTestMethods(TestMethodWorker.java:126)
	at org.testng.internal.TestMethodWorker.run(TestMethodWorker.java:109)
	at org.testng.TestRunner.privateRun(TestRunner.java:744)
	at org.testng.TestRunner.run(TestRunner.java:602)
	at org.testng.SuiteRunner.runTest(SuiteRunner.java:380)
	at org.testng.SuiteRunner.runSequentially(SuiteRunner.java:375)
	at org.testng.SuiteRunner.privateRun(SuiteRunner.java:340)
	at org.testng.SuiteRunner.run(SuiteRunner.java:289)
	at org.testng.SuiteRunnerWorker.runSuite(SuiteRunnerWorker.java:52)
	at org.testng.SuiteRunnerWorker.run(SuiteRunnerWorker.java:86)
	at org.testng.TestNG.runSuitesSequentially(TestNG.java:1301)
	at org.testng.TestNG.runSuitesLocally(TestNG.java:1226)
	at org.testng.TestNG.runSuites(TestNG.java:1144)
	at org.testng.TestNG.run(TestNG.java:1115)
	at org.testng.remote.AbstractRemoteTestNG.run(AbstractRemoteTestNG.java:132)
	at org.testng.remote.RemoteTestNG.initAndRun(RemoteTestNG.java:230)
	at org.testng.remote.RemoteTestNG.main(RemoteTestNG.java:76)
]]>
            </full-stacktrace>
          </exception> <!-- org.openqa.selenium.NoSuchWindowException -->
          <reporter-output>
          </reporter-output>
        </test-method> <!-- bookingTest -->
      </class> <!-- globant.NeiderBarbosa.Ana.test.FlightReservationTest -->
    </test> <!-- false -->
  </suite> <!-- Suite -->
</testng-results>
