<?xml version="1.0" encoding="UTF-8"?>
<!-- Generated by org.testng.reporters.JUnitXMLReporter -->
<testsuite hostname="X-Saviour" ignored="0" name="Booking Process happy path" tests="1" failures="1" timestamp="09 may 2017 00:05:38 GMT" time="0.055" errors="0">
  <testcase name="validateBookingForm" time="0.0" classname="com.globant.bootcampAutomation.lufthansa.HomePageTest">
    <failure type="org.testng.TestNGException" message="
Parameter &amp;apos;inbondText&amp;apos; is required by @Test on method validateBookingForm but has not been marked @Optional or defined
in C:\Users\Margarita\Documents\Globant\lufthansa\src\main\java\testng.xml">
      <![CDATA[org.testng.TestNGException: 
Parameter 'inbondText' is required by @Test on method validateBookingForm but has not been marked @Optional or defined
in C:\Users\Margarita\Documents\Globant\lufthansa\src\main\java\testng.xml
... Removed 23 stack frames]]>
    </failure>
  </testcase> <!-- validateBookingForm -->
</testsuite> <!-- Booking Process happy path -->
