<?xml version="1.0" encoding="UTF-8"?>
<testng-results skipped="0" failed="0" ignored="0" total="1" passed="1">
  <reporter-output>
  </reporter-output>
  <suite name="TestAlqueria" duration-ms="69338" started-at="2017-05-09T13:14:34Z" finished-at="2017-05-09T13:15:43Z">
    <groups>
    </groups>
    <test name="RegisterForm" duration-ms="69338" started-at="2017-05-09T13:14:34Z" finished-at="2017-05-09T13:15:43Z">
      <class name="com.globant.bootcampAutomation.practice2.RegisterTest">
        <test-method status="PASS" signature="setUp()[pri:0, instance:com.globant.bootcampAutomation.practice2.RegisterTest@4667ae56]" name="setUp" is-config="true" duration-ms="14235" started-at="2017-05-09T08:14:34Z" finished-at="2017-05-09T08:14:48Z">
          <reporter-output>
          </reporter-output>
        </test-method> <!-- setUp -->
        <test-method status="PASS" signature="validateRegisterLink(java.lang.String, java.lang.String, java.lang.String, java.lang.String, java.lang.String, java.lang.String, java.lang.String)[pri:0, instance:com.globant.bootcampAutomation.practice2.RegisterTest@4667ae56]" name="validateRegisterLink" duration-ms="41864" started-at="2017-05-09T08:14:48Z" finished-at="2017-05-09T08:15:30Z">
          <params>
            <param index="0">
              <value>
                <![CDATA[Milena]]>
              </value>
            </param>
            <param index="1">
              <value>
                <![CDATA[Morales]]>
              </value>
            </param>
            <param index="2">
              <value>
                <![CDATA[mym@minion.com]]>
              </value>
            </param>
            <param index="3">
              <value>
                <![CDATA[28/07/1990]]>
              </value>
            </param>
            <param index="4">
              <value>
                <![CDATA[No acepto]]>
              </value>
            </param>
            <param index="5">
              <value>
                <![CDATA[Masculino]]>
              </value>
            </param>
            <param index="6">
              <value>
                <![CDATA[Bogotá]]>
              </value>
            </param>
          </params>
          <reporter-output>
          </reporter-output>
        </test-method> <!-- validateRegisterLink -->
        <test-method status="PASS" signature="tearDown()[pri:0, instance:com.globant.bootcampAutomation.practice2.RegisterTest@4667ae56]" name="tearDown" is-config="true" duration-ms="13047" started-at="2017-05-09T08:15:30Z" finished-at="2017-05-09T08:15:43Z">
          <reporter-output>
          </reporter-output>
        </test-method> <!-- tearDown -->
      </class> <!-- com.globant.bootcampAutomation.practice2.RegisterTest -->
    </test> <!-- RegisterForm -->
  </suite> <!-- TestAlqueria -->
</testng-results>
